"../../../Engine/Content/Functions/Engine_MaterialFunctions02/SplitComponents.uasset" 0
"../../../Engine/Content/Functions/Engine_MaterialFunctions02/SplitComponents.uexp" 1
"../../../Engine/Content/Functions/Engine_MaterialFunctions01/Density/ExponentialDensity.uasset" 2
"../../../Engine/Content/Functions/Engine_MaterialFunctions01/Density/ExponentialDensity.uexp" 3
"../../../Engine/Content/Functions/Engine_MaterialFunctions01/Gradient/RadialGradientExponential.uasset" 4
"../../../Engine/Content/Functions/Engine_MaterialFunctions01/Gradient/RadialGradientExponential.uexp" 5
"D:/UE_4.27Projects/CV22HoistSim/Content/Materials/NVG_Material.uasset" 6
"D:/UE_4.27Projects/CV22HoistSim/Content/Materials/NVG_Material.uexp" 7
"D:/UE_4.27Projects/CV22HoistSim/Content/Materials/M_Highlight.uasset" 8
"D:/UE_4.27Projects/CV22HoistSim/Content/Materials/M_Highlight.uexp" 9
"D:/UE_4.27Projects/CV22HoistSim/Content/Blueprints/BP_TailScanner.uasset" 10
"D:/UE_4.27Projects/CV22HoistSim/Content/Blueprints/BP_TailScanner.uexp" 11
"D:/UE_4.27Projects/CV22HoistSim/Content/Blueprints/BP_GameMode.uasset" 12
"D:/UE_4.27Projects/CV22HoistSim/Content/Blueprints/BP_GameMode.uexp" 13
"D:/UE_4.27Projects/CV22HoistSim/Content/Landscape/vl0macqn_2K_Albedo.uasset" 14
"D:/UE_4.27Projects/CV22HoistSim/Content/Landscape/vl0macqn_2K_Albedo.uexp" 15
"D:/UE_4.27Projects/CV22HoistSim/Content/Landscape/vl0macqn_2K_Albedo.ubulk" 16
"D:/UE_4.27Projects/CV22HoistSim/Content/Landscape/vl0macqn_2K_Normal.uasset" 17
"D:/UE_4.27Projects/CV22HoistSim/Content/Landscape/vl0macqn_2K_Normal.uexp" 18
"D:/UE_4.27Projects/CV22HoistSim/Content/Landscape/vl0macqn_2K_Normal.ubulk" 19
"D:/UE_4.27Projects/CV22HoistSim/Content/Textures/SpectateRender.uasset" 20
"D:/UE_4.27Projects/CV22HoistSim/Content/Textures/SpectateRender.uexp" 21
"D:/UE_4.27Projects/CV22HoistSim/Content/Materials/SpectateRender_Mat.uasset" 22
"D:/UE_4.27Projects/CV22HoistSim/Content/Materials/SpectateRender_Mat.uexp" 23
"../../../Engine/Content/EngineMaterials/T_Default_Material_Grid_N.uasset" 24
"../../../Engine/Content/EngineMaterials/T_Default_Material_Grid_N.uexp" 25
"../../../Engine/Content/EngineMaterials/T_Default_Material_Grid_N.ubulk" 26
"../../../Engine/Content/EngineMaterials/T_Default_Material_Grid_M.uasset" 27
"../../../Engine/Content/EngineMaterials/T_Default_Material_Grid_M.uexp" 28
"../../../Engine/Content/EngineMaterials/T_Default_Material_Grid_M.ubulk" 29
"../../../Engine/Content/Functions/Engine_MaterialFunctions01/Opacity/CameraDepthFade.uasset" 30
"../../../Engine/Content/Functions/Engine_MaterialFunctions01/Opacity/CameraDepthFade.uexp" 31
"../../../Engine/Content/EngineMaterials/WorldGridMaterial.uasset" 32
"../../../Engine/Content/EngineMaterials/WorldGridMaterial.uexp" 33
"../../../Engine/Content/ArtTools/RenderToTexture/Meshes/S_1_Unit_Plane.uasset" 34
"../../../Engine/Content/ArtTools/RenderToTexture/Meshes/S_1_Unit_Plane.uexp" 35
"../../../Engine/Content/BasicShapes/BasicShapeMaterial.uasset" 36
"../../../Engine/Content/BasicShapes/BasicShapeMaterial.uexp" 37
"../../../Engine/Content/EngineMaterials/DefaultMaterial.uasset" 38
"../../../Engine/Content/EngineMaterials/DefaultMaterial.uexp" 39
"../../../Engine/Content/BasicShapes/Cone.uasset" 40
"../../../Engine/Content/BasicShapes/Cone.uexp" 41
"../../../Engine/Content/BasicShapes/Cube.uasset" 42
"../../../Engine/Content/BasicShapes/Cube.uexp" 43
"../../../Engine/Content/BasicShapes/Sphere.uasset" 44
"../../../Engine/Content/BasicShapes/Sphere.uexp" 45
"../../../Engine/Content/EditorLandscapeResources/DataLayer.uasset" 46
"../../../Engine/Content/EditorLandscapeResources/DataLayer.uexp" 47
"../../../Engine/Content/EditorLandscapeResources/DefaultAlphaTexture.uasset" 48
"../../../Engine/Content/EditorLandscapeResources/DefaultAlphaTexture.uexp" 49
"../../../Engine/Content/EditorMaterials/MAT_Groups_Toggle.uasset" 50
"../../../Engine/Content/EditorMaterials/MAT_Groups_Toggle.uexp" 51
"../../../Engine/Content/EditorMaterials/MAT_Groups_Visibility.uasset" 52
"../../../Engine/Content/EditorMaterials/MAT_Groups_Visibility.uexp" 53
"../../../Engine/Content/EditorMaterials/PreviewShadowIndicator.uasset" 54
"../../../Engine/Content/EditorMaterials/PreviewShadowIndicator.uexp" 55
"../../../Engine/Content/EditorMaterials/PreviewShadowIndicator.ubulk" 56
"../../../Engine/Content/EditorMaterials/PreviewShadowIndicatorMaterial.uasset" 57
"../../../Engine/Content/EditorMaterials/PreviewShadowIndicatorMaterial.uexp" 58
"../../../Engine/Content/EditorMaterials/MatineeGroups/MAT_ColorTrack.uasset" 59
"../../../Engine/Content/EditorMaterials/MatineeGroups/MAT_ColorTrack.uexp" 60
"../../../Engine/Content/EditorMaterials/MatineeGroups/MAT_Groups_Anim.uasset" 61
"../../../Engine/Content/EditorMaterials/MatineeGroups/MAT_Groups_Anim.uexp" 62
"../../../Engine/Content/EditorMaterials/MatineeGroups/MAT_Groups_AudioMaster.uasset" 63
"../../../Engine/Content/EditorMaterials/MatineeGroups/MAT_Groups_AudioMaster.uexp" 64
"../../../Engine/Content/EditorMaterials/MatineeGroups/MAT_Groups_Director.uasset" 65
"../../../Engine/Content/EditorMaterials/MatineeGroups/MAT_Groups_Director.uexp" 66
"../../../Engine/Content/EditorMaterials/MatineeGroups/MAT_Groups_Event.uasset" 67
"../../../Engine/Content/EditorMaterials/MatineeGroups/MAT_Groups_Event.uexp" 68
"../../../Engine/Content/EditorMaterials/MatineeGroups/MAT_Groups_Fade.uasset" 69
"../../../Engine/Content/EditorMaterials/MatineeGroups/MAT_Groups_Fade.uexp" 70
"../../../Engine/Content/EditorMaterials/MatineeGroups/MAT_Groups_Float.uasset" 71
"../../../Engine/Content/EditorMaterials/MatineeGroups/MAT_Groups_Float.uexp" 72
"../../../Engine/Content/EditorMaterials/MatineeGroups/MAT_Groups_Move.uasset" 73
"../../../Engine/Content/EditorMaterials/MatineeGroups/MAT_Groups_Move.uexp" 74
"../../../Engine/Content/EditorMaterials/MatineeGroups/MAT_Groups_Slomo.uasset" 75
"../../../Engine/Content/EditorMaterials/MatineeGroups/MAT_Groups_Slomo.uexp" 76
"../../../Engine/Content/EditorMaterials/MatineeGroups/MAT_Groups_Sound.uasset" 77
"../../../Engine/Content/EditorMaterials/MatineeGroups/MAT_Groups_Sound.uexp" 78
"../../../Engine/Content/EditorMaterials/MatineeGroups/MAT_Groups_Vector.uasset" 79
"../../../Engine/Content/EditorMaterials/MatineeGroups/MAT_Groups_Vector.uexp" 80
"../../../Engine/Content/EditorMaterials/ParticleSystems/PSysThumbnail_NoImage.uasset" 81
"../../../Engine/Content/EditorMaterials/ParticleSystems/PSysThumbnail_NoImage.uexp" 82
"../../../Engine/Content/EditorMaterials/ParticleSystems/PSysThumbnail_NoImage.ubulk" 83
"../../../Engine/Content/EditorMaterials/ParticleSystems/PSysThumbnail_OOD.uasset" 84
"../../../Engine/Content/EditorMaterials/ParticleSystems/PSysThumbnail_OOD.uexp" 85
"../../../Engine/Content/EditorMaterials/ParticleSystems/PSysThumbnail_OOD.ubulk" 86
"../../../Engine/Content/EditorMaterials/Camera/CineMat.uasset" 87
"../../../Engine/Content/EditorMaterials/Camera/CineMat.uexp" 88
"../../../Engine/Content/EditorMaterials/Camera/MI_CineMat_Rig.uasset" 89
"../../../Engine/Content/EditorMaterials/Camera/MI_CineMat_Rig.uexp" 90
"../../../Engine/Content/EditorMeshes/Camera/SM_CraneRig_Arm.uasset" 91
"../../../Engine/Content/EditorMeshes/Camera/SM_CraneRig_Arm.uexp" 92
"../../../Engine/Content/EditorMeshes/Camera/SM_CraneRig_Base.uasset" 93
"../../../Engine/Content/EditorMeshes/Camera/SM_CraneRig_Base.uexp" 94
"../../../Engine/Content/EditorMeshes/Camera/SM_CraneRig_Body.uasset" 95
"../../../Engine/Content/EditorMeshes/Camera/SM_CraneRig_Body.uexp" 96
"../../../Engine/Content/EditorMeshes/Camera/SM_CraneRig_Mount.uasset" 97
"../../../Engine/Content/EditorMeshes/Camera/SM_CraneRig_Mount.uexp" 98
"../../../Engine/Content/EditorMeshes/Camera/SM_RailRig_Mount.uasset" 99
"../../../Engine/Content/EditorMeshes/Camera/SM_RailRig_Mount.uexp" 100
"../../../Engine/Content/EditorMeshes/Camera/SM_RailRig_Track.uasset" 101
"../../../Engine/Content/EditorMeshes/Camera/SM_RailRig_Track.uexp" 102
"../../../Engine/Content/EditorResources/BSPVertex.uasset" 103
"../../../Engine/Content/EditorResources/BSPVertex.uexp" 104
"../../../Engine/Content/EditorResources/EmptyActor.uasset" 105
"../../../Engine/Content/EditorResources/EmptyActor.uexp" 106
"../../../Engine/Content/EditorResources/S_Actor.uasset" 107
"../../../Engine/Content/EditorResources/S_Actor.uexp" 108
"../../../Engine/Content/EditorResources/S_Actor.ubulk" 109
"../../../Engine/Content/EditorResources/S_KBSJoint.uasset" 110
"../../../Engine/Content/EditorResources/S_KBSJoint.uexp" 111
"../../../Engine/Content/EditorResources/S_KBSJoint.ubulk" 112
"../../../Engine/Content/EditorResources/S_Note.uasset" 113
"../../../Engine/Content/EditorResources/S_Note.uexp" 114
"../../../Engine/Content/EditorResources/S_Note.ubulk" 115
"../../../Engine/Content/EditorResources/S_Solver.uasset" 116
"../../../Engine/Content/EditorResources/S_Solver.uexp" 117
"../../../Engine/Content/EditorResources/S_Solver.ubulk" 118
"../../../Engine/Content/EditorResources/S_Terrain.uasset" 119
"../../../Engine/Content/EditorResources/S_Terrain.uexp" 120
"../../../Engine/Content/EditorResources/S_Terrain.ubulk" 121
"../../../Engine/Content/EditorResources/S_Trigger.uasset" 122
"../../../Engine/Content/EditorResources/S_Trigger.uexp" 123
"../../../Engine/Content/EditorResources/S_Trigger.ubulk" 124
"../../../Engine/Content/EditorResources/AudioIcons/S_AudioComponent_AutoActivate.uasset" 125
"../../../Engine/Content/EditorResources/AudioIcons/S_AudioComponent_AutoActivate.uexp" 126
"../../../Engine/Content/EditorResources/AudioIcons/S_AudioComponent_AutoActivate.ubulk" 127
"../../../Engine/Content/EditorResources/LightIcons/S_LightError.uasset" 128
"../../../Engine/Content/EditorResources/LightIcons/S_LightError.uexp" 129
"../../../Engine/Content/EditorResources/SequenceRecorder/Countdown.uasset" 130
"../../../Engine/Content/EditorResources/SequenceRecorder/Countdown.uexp" 131
"../../../Engine/Content/EditorResources/SequenceRecorder/RecordingIndicator.uasset" 132
"../../../Engine/Content/EditorResources/SequenceRecorder/RecordingIndicator.uexp" 133
"../../../Engine/Content/EngineDamageTypes/DmgTypeBP_Environmental.uasset" 134
"../../../Engine/Content/EngineDamageTypes/DmgTypeBP_Environmental.uexp" 135
"../../../Engine/Content/EngineDebugMaterials/DebugEditorMaterial.uasset" 136
"../../../Engine/Content/EngineDebugMaterials/DebugEditorMaterial.uexp" 137
"../../../Engine/Content/EngineDebugMaterials/DebugMeshMaterial.uasset" 138
"../../../Engine/Content/EngineDebugMaterials/DebugMeshMaterial.uexp" 139
"../../../Engine/Content/EngineDebugMaterials/M_SimpleUnlitTranslucent.uasset" 140
"../../../Engine/Content/EngineDebugMaterials/M_SimpleUnlitTranslucent.uexp" 141
"../../../Engine/Content/EngineDebugMaterials/VolumeToRender.uasset" 142
"../../../Engine/Content/EngineDebugMaterials/VolumeToRender.uexp" 143
"../../../Engine/Content/Functions/Engine_MaterialFunctions02/Utility/CameraDirectionVector.uasset" 144
"../../../Engine/Content/Functions/Engine_MaterialFunctions02/Utility/CameraDirectionVector.uexp" 145
"../../../Engine/Content/EngineDebugMaterials/M_VolumeRenderSphereTracePP.uasset" 146
"../../../Engine/Content/EngineDebugMaterials/M_VolumeRenderSphereTracePP.uexp" 147
"../../../Engine/Content/Functions/Engine_MaterialFunctions01/Shading/ConvertFromDiffSpec.uasset" 148
"../../../Engine/Content/Functions/Engine_MaterialFunctions01/Shading/ConvertFromDiffSpec.uexp" 149
"../../../Engine/Content/EngineDebugMaterials/VertexColorMaterial.uasset" 150
"../../../Engine/Content/EngineDebugMaterials/VertexColorMaterial.uexp" 151
"../../../Engine/Content/EngineDebugMaterials/WireframeMaterial.uasset" 152
"../../../Engine/Content/EngineDebugMaterials/WireframeMaterial.uexp" 153
"../../../Engine/Content/EngineFonts/Faces/RobotoRegular.uasset" 154
"../../../Engine/Content/EngineFonts/Faces/RobotoRegular.uexp" 155
"../../../Engine/Content/EngineFonts/Faces/RobotoRegular.ufont" 156
"../../../Engine/Content/EngineFonts/Faces/RobotoLight.uasset" 157
"../../../Engine/Content/EngineFonts/Faces/RobotoLight.uexp" 158
"../../../Engine/Content/EngineFonts/Faces/RobotoLight.ufont" 159
"../../../Engine/Content/EngineFonts/Faces/RobotoItalic.uasset" 160
"../../../Engine/Content/EngineFonts/Faces/RobotoItalic.uexp" 161
"../../../Engine/Content/EngineFonts/Faces/RobotoItalic.ufont" 162
"../../../Engine/Content/EngineFonts/Faces/RobotoBoldItalic.uasset" 163
"../../../Engine/Content/EngineFonts/Faces/RobotoBoldItalic.uexp" 164
"../../../Engine/Content/EngineFonts/Faces/RobotoBoldItalic.ufont" 165
"../../../Engine/Content/EngineFonts/Faces/RobotoBold.uasset" 166
"../../../Engine/Content/EngineFonts/Faces/RobotoBold.uexp" 167
"../../../Engine/Content/EngineFonts/Faces/RobotoBold.ufont" 168
"../../../Engine/Content/EngineFonts/Faces/DroidSansFallback.uasset" 169
"../../../Engine/Content/EngineFonts/Faces/DroidSansFallback.uexp" 170
"../../../Engine/Content/EngineFonts/Faces/DroidSansFallback.ufont" 171
"../../../Engine/Content/EngineFonts/Roboto.uasset" 172
"../../../Engine/Content/EngineFonts/Roboto.uexp" 173
"../../../Engine/Content/EngineMaterials/BaseFlattenNormalMap.uasset" 174
"../../../Engine/Content/EngineMaterials/BaseFlattenNormalMap.uexp" 175
"../../../Engine/Content/EngineMaterials/BaseFlattenGrayscaleMap.uasset" 176
"../../../Engine/Content/EngineMaterials/BaseFlattenGrayscaleMap.uexp" 177
"../../../Engine/Content/EngineMaterials/BaseFlattenEmissiveMap.uasset" 178
"../../../Engine/Content/EngineMaterials/BaseFlattenEmissiveMap.uexp" 179
"../../../Engine/Content/EngineMaterials/BaseFlattenDiffuseMap.uasset" 180
"../../../Engine/Content/EngineMaterials/BaseFlattenDiffuseMap.uexp" 181
"../../../Engine/Content/EngineMaterials/BaseFlattenMaterial.uasset" 182
"../../../Engine/Content/EngineMaterials/BaseFlattenMaterial.uexp" 183
"../../../Engine/Content/EngineMaterials/BlueNoise.uasset" 184
"../../../Engine/Content/EngineMaterials/BlueNoise.uexp" 185
"../../../Engine/Content/EngineMaterials/DefaultBloomKernel.uasset" 186
"../../../Engine/Content/EngineMaterials/DefaultBloomKernel.uexp" 187
"../../../Engine/Content/EngineMaterials/DefaultBokeh.uasset" 188
"../../../Engine/Content/EngineMaterials/DefaultBokeh.uexp" 189
"../../../Engine/Content/EngineMaterials/DefaultDiffuse.uasset" 190
"../../../Engine/Content/EngineMaterials/DefaultDiffuse.uexp" 191
"../../../Engine/Content/EngineMaterials/DefaultDiffuse.ubulk" 192
"../../../Engine/Content/EngineMaterials/DefaultDeferredDecalMaterial.uasset" 193
"../../../Engine/Content/EngineMaterials/DefaultDeferredDecalMaterial.uexp" 194
"../../../Engine/Content/EngineMaterials/DefaultLightFunctionMaterial.uasset" 195
"../../../Engine/Content/EngineMaterials/DefaultLightFunctionMaterial.uexp" 196
"../../../Engine/Content/EngineMaterials/DefaultPhysicalMaterial.uasset" 197
"../../../Engine/Content/EngineMaterials/DefaultPhysicalMaterial.uexp" 198
"../../../Engine/Content/Functions/Engine_MaterialFunctions02/Utility/BreakOutFloat2Components.uasset" 199
"../../../Engine/Content/Functions/Engine_MaterialFunctions02/Utility/BreakOutFloat2Components.uexp" 200
"../../../Engine/Content/EngineMaterials/DefaultPostProcessMaterial.uasset" 201
"../../../Engine/Content/EngineMaterials/DefaultPostProcessMaterial.uexp" 202
"../../../Engine/Content/EngineFonts/RobotoDistanceField.uasset" 203
"../../../Engine/Content/EngineFonts/RobotoDistanceField.uexp" 204
"../../../Engine/Content/EngineMaterials/DefaultTextMaterialOpaque.uasset" 205
"../../../Engine/Content/EngineMaterials/DefaultTextMaterialOpaque.uexp" 206
"../../../Engine/Content/EngineMaterials/DefaultWhiteGrid.uasset" 207
"../../../Engine/Content/EngineMaterials/DefaultWhiteGrid.uexp" 208
"../../../Engine/Content/EngineMaterials/DefaultWhiteGrid.ubulk" 209
"../../../Engine/Content/EngineMaterials/DefaultWhiteGrid_Low.uasset" 210
"../../../Engine/Content/EngineMaterials/DefaultWhiteGrid_Low.uexp" 211
"../../../Engine/Content/EngineMaterials/EmissiveMeshMaterial.uasset" 212
"../../../Engine/Content/EngineMaterials/EmissiveMeshMaterial.uexp" 213
"../../../Engine/Content/EngineMaterials/GizmoMaterial.uasset" 214
"../../../Engine/Content/EngineMaterials/GizmoMaterial.uexp" 215
"../../../Engine/Content/EngineMaterials/Good64x64TilingNoiseHighFreq.uasset" 216
"../../../Engine/Content/EngineMaterials/Good64x64TilingNoiseHighFreq.uexp" 217
"../../../Engine/Content/EngineMaterials/MiniFont.uasset" 218
"../../../Engine/Content/EngineMaterials/MiniFont.uexp" 219
"../../../Engine/Content/EngineMaterials/InvalidLightmapSettings.uasset" 220
"../../../Engine/Content/EngineMaterials/InvalidLightmapSettings.uexp" 221
"../../../Engine/Content/EngineMaterials/InvalidLightmapSettings.ubulk" 222
"../../../Engine/Content/EngineMaterials/M_InvalidLightmapSettings.uasset" 223
"../../../Engine/Content/EngineMaterials/M_InvalidLightmapSettings.uexp" 224
"../../../Engine/Content/Functions/Engine_MaterialFunctions02/WorldPositionOffset/CameraOffset.uasset" 225
"../../../Engine/Content/Functions/Engine_MaterialFunctions02/WorldPositionOffset/CameraOffset.uexp" 226
"../../../Engine/Content/EngineMaterials/PhAT_JointLimitMaterial.uasset" 227
"../../../Engine/Content/EngineMaterials/PhAT_JointLimitMaterial.uexp" 228
"../../../Engine/Content/EngineMaterials/DefaultCalibrationColor.uasset" 229
"../../../Engine/Content/EngineMaterials/DefaultCalibrationColor.uexp" 230
"../../../Engine/Content/EngineMaterials/PPM_DefaultCalibrationColor.uasset" 231
"../../../Engine/Content/EngineMaterials/PPM_DefaultCalibrationColor.uexp" 232
"../../../Engine/Content/EngineMaterials/DefaultCalibrationGrayscale.uasset" 233
"../../../Engine/Content/EngineMaterials/DefaultCalibrationGrayscale.uexp" 234
"../../../Engine/Content/EngineMaterials/PPM_DefaultCalibrationGrayscale.uasset" 235
"../../../Engine/Content/EngineMaterials/PPM_DefaultCalibrationGrayscale.uexp" 236
"../../../Engine/Content/EngineMaterials/PreintegratedSkinBRDF.uasset" 237
"../../../Engine/Content/EngineMaterials/PreintegratedSkinBRDF.uexp" 238
"../../../Engine/Content/EngineMaterials/RemoveSurfaceMaterial.uasset" 239
"../../../Engine/Content/EngineMaterials/RemoveSurfaceMaterial.uexp" 240
"../../../Engine/Content/EngineResources/WhiteSquareTexture.uasset" 241
"../../../Engine/Content/EngineResources/WhiteSquareTexture.uexp" 242
"../../../Engine/Content/EngineMaterials/Widget3DPassThrough.uasset" 243
"../../../Engine/Content/EngineMaterials/Widget3DPassThrough.uexp" 244
"../../../Engine/Content/EngineMaterials/Widget3DPassThrough_Masked.uasset" 245
"../../../Engine/Content/EngineMaterials/Widget3DPassThrough_Masked.uexp" 246
"../../../Engine/Content/EngineMaterials/Widget3DPassThrough_Opaque.uasset" 247
"../../../Engine/Content/EngineMaterials/Widget3DPassThrough_Opaque.uexp" 248
"../../../Engine/Content/EngineMaterials/Widget3DPassThrough_Masked_OneSided.uasset" 249
"../../../Engine/Content/EngineMaterials/Widget3DPassThrough_Masked_OneSided.uexp" 250
"../../../Engine/Content/EngineMaterials/Widget3DPassThrough_Opaque_OneSided.uasset" 251
"../../../Engine/Content/EngineMaterials/Widget3DPassThrough_Opaque_OneSided.uexp" 252
"../../../Engine/Content/EngineMaterials/Widget3DPassThrough_Translucent.uasset" 253
"../../../Engine/Content/EngineMaterials/Widget3DPassThrough_Translucent.uexp" 254
"../../../Engine/Content/EngineMaterials/Widget3DPassThrough_Translucent_OneSided.uasset" 255
"../../../Engine/Content/EngineMaterials/Widget3DPassThrough_Translucent_OneSided.uexp" 256
"../../../Engine/Content/EngineMeshes/Cylinder.uasset" 257
"../../../Engine/Content/EngineMeshes/Cylinder.uexp" 258
"../../../Engine/Content/EngineMeshes/Sphere.uasset" 259
"../../../Engine/Content/EngineMeshes/Sphere.uexp" 260
"../../../Engine/Content/EngineResources/DefaultTexture.uasset" 261
"../../../Engine/Content/EngineResources/DefaultTexture.uexp" 262
"../../../Engine/Content/EngineResources/DefaultTexture.ubulk" 263
"../../../Engine/Content/EngineResources/DefaultTextureCube.uasset" 264
"../../../Engine/Content/EngineResources/DefaultTextureCube.uexp" 265
"../../../Engine/Content/EngineResources/DefaultVolumeTexture2D.uasset" 266
"../../../Engine/Content/EngineResources/DefaultVolumeTexture2D.uexp" 267
"../../../Engine/Content/EngineResources/DefaultVolumeTexture.uasset" 268
"../../../Engine/Content/EngineResources/DefaultVolumeTexture.uexp" 269
"../../../Engine/Content/EngineResources/GradientTexture0.uasset" 270
"../../../Engine/Content/EngineResources/GradientTexture0.uexp" 271
"../../../Engine/Content/EngineSky/VolumetricClouds/T_NoiseShape64.uasset" 272
"../../../Engine/Content/EngineSky/VolumetricClouds/T_NoiseShape64.uexp" 273
"../../../Engine/Content/EngineSky/VolumetricClouds/T_NoiseShape64.ubulk" 274
"../../../Engine/Content/EngineSky/VolumetricClouds/T_VolumeNoiseShape64.uasset" 275
"../../../Engine/Content/EngineSky/VolumetricClouds/T_VolumeNoiseShape64.uexp" 276
"../../../Engine/Content/EngineSky/VolumetricClouds/T_NoiseErosion.uasset" 277
"../../../Engine/Content/EngineSky/VolumetricClouds/T_NoiseErosion.uexp" 278
"../../../Engine/Content/EngineSky/VolumetricClouds/T_NoiseErosion.ubulk" 279
"../../../Engine/Content/EngineSky/VolumetricClouds/T_VolumeNoiseErosion32.uasset" 280
"../../../Engine/Content/EngineSky/VolumetricClouds/T_VolumeNoiseErosion32.uexp" 281
"../../../Engine/Content/EngineSky/VolumetricClouds/CloudWeatherTexture.uasset" 282
"../../../Engine/Content/EngineSky/VolumetricClouds/CloudWeatherTexture.uexp" 283
"../../../Engine/Content/EngineSky/VolumetricClouds/CloudGradientTexture.uasset" 284
"../../../Engine/Content/EngineSky/VolumetricClouds/CloudGradientTexture.uexp" 285
"../../../Engine/Content/Functions/Engine_MaterialFunctions02/Utility/MakeFloat2.uasset" 286
"../../../Engine/Content/Functions/Engine_MaterialFunctions02/Utility/MakeFloat2.uexp" 287
"../../../Engine/Content/EngineSky/VolumetricClouds/m_SimpleVolumetricCloud.uasset" 288
"../../../Engine/Content/EngineSky/VolumetricClouds/m_SimpleVolumetricCloud.uexp" 289
"../../../Engine/Content/EngineSky/VolumetricClouds/m_SimpleVolumetricCloud_Inst.uasset" 290
"../../../Engine/Content/EngineSky/VolumetricClouds/m_SimpleVolumetricCloud_Inst.uexp" 291
"../../../Engine/Content/EngineSounds/Master.uasset" 292
"../../../Engine/Content/EngineSounds/Master.uexp" 293
"../../../Engine/Content/Functions/Engine_MaterialFunctions01/Shading/PowerToRoughness.uasset" 294
"../../../Engine/Content/Functions/Engine_MaterialFunctions01/Shading/PowerToRoughness.uexp" 295
"../../../Engine/Content/Maps/Templates/Thumbnails/Default.uasset" 296
"../../../Engine/Content/Maps/Templates/Thumbnails/Default.uexp" 297
"../../../Engine/Content/Maps/Templates/Thumbnails/TimeOfDay.uasset" 298
"../../../Engine/Content/Maps/Templates/Thumbnails/TimeOfDay.uexp" 299
"../../../Engine/Content/Maps/Templates/Thumbnails/VR-Basic.uasset" 300
"../../../Engine/Content/Maps/Templates/Thumbnails/VR-Basic.uexp" 301
"../../../Engine/Content/MobileResources/T_MobileControls_texture.uasset" 302
"../../../Engine/Content/MobileResources/T_MobileControls_texture.uexp" 303
"../../../Engine/Content/MobileResources/T_MobileMenu2.uasset" 304
"../../../Engine/Content/MobileResources/T_MobileMenu2.uexp" 305
"../../../Engine/Content/MobileResources/HUD/AnalogHat.uasset" 306
"../../../Engine/Content/MobileResources/HUD/AnalogHat.uexp" 307
"../../../Engine/Content/MobileResources/HUD/VirtualJoystick_Thumb.uasset" 308
"../../../Engine/Content/MobileResources/HUD/VirtualJoystick_Thumb.uexp" 309
"../../../Engine/Content/MobileResources/HUD/VirtualJoystick_Background.uasset" 310
"../../../Engine/Content/MobileResources/HUD/VirtualJoystick_Background.uexp" 311
"../../../Engine/Content/MobileResources/HUD/DefaultVirtualJoysticks.uasset" 312
"../../../Engine/Content/MobileResources/HUD/DefaultVirtualJoysticks.uexp" 313
"../../../Engine/Content/MobileResources/HUD/LeftVirtualJoystickOnly.uasset" 314
"../../../Engine/Content/MobileResources/HUD/LeftVirtualJoystickOnly.uexp" 315
"../../../Engine/Content/MobileResources/HUD/MobileHUDButton1_off.uasset" 316
"../../../Engine/Content/MobileResources/HUD/MobileHUDButton1_off.uexp" 317
"../../../Engine/Content/MobileResources/HUD/MobileHUDButton1_on.uasset" 318
"../../../Engine/Content/MobileResources/HUD/MobileHUDButton1_on.uexp" 319
"../../../Engine/Content/MobileResources/HUD/MobileHUDButton2_off.uasset" 320
"../../../Engine/Content/MobileResources/HUD/MobileHUDButton2_off.uexp" 321
"../../../Engine/Content/MobileResources/HUD/MobileHUDButton2_on.uasset" 322
"../../../Engine/Content/MobileResources/HUD/MobileHUDButton2_on.uexp" 323
"../../../Engine/Content/MobileResources/HUD/MobileHUDButton3.uasset" 324
"../../../Engine/Content/MobileResources/HUD/MobileHUDButton3.uexp" 325
"../../../Engine/Content/MobileResources/HUD/MobileHUDButtonFire.uasset" 326
"../../../Engine/Content/MobileResources/HUD/MobileHUDButtonFire.uexp" 327
"../../../Engine/Content/MobileResources/HUD/MobileHUDDirectionPad.uasset" 328
"../../../Engine/Content/MobileResources/HUD/MobileHUDDirectionPad.uexp" 329
"../../../Engine/Content/MobileResources/HUD/MobileHUDDirectionPad2.uasset" 330
"../../../Engine/Content/MobileResources/HUD/MobileHUDDirectionPad2.uexp" 331
"../../../Engine/Content/MobileResources/HUD/MobileHUDDirectionPad3.uasset" 332
"../../../Engine/Content/MobileResources/HUD/MobileHUDDirectionPad3.uexp" 333
"../../../Engine/Content/MobileResources/HUD/MobileHUDDirectionStick.uasset" 334
"../../../Engine/Content/MobileResources/HUD/MobileHUDDirectionStick.uexp" 335
"../../../Engine/Content/MobileResources/HUD/T_Castle_ThumbstickInner.uasset" 336
"../../../Engine/Content/MobileResources/HUD/T_Castle_ThumbstickInner.uexp" 337
"../../../Engine/Content/MobileResources/HUD/T_Castle_ThumbstickOutter.uasset" 338
"../../../Engine/Content/MobileResources/HUD/T_Castle_ThumbstickOutter.uexp" 339
"../../../Engine/Content/Tutorial/ContentIntroCurve.uasset" 340
"../../../Engine/Content/Tutorial/ContentIntroCurve.uexp" 341
"../../../Engine/Content/Tutorial/Basics/TutorialAssets/icon_tab_Levels_40x.uasset" 342
"../../../Engine/Content/Tutorial/Basics/TutorialAssets/icon_tab_Levels_40x.uexp" 343
"../../../Engine/Content/Tutorial/Landscape/TutorialAssets/Landscape.uasset" 344
"../../../Engine/Content/Tutorial/Landscape/TutorialAssets/Landscape.uexp" 345
"../../../Engine/Content/EditorBlueprintResources/StandardMacros.uasset" 346
"../../../Engine/Content/EditorBlueprintResources/StandardMacros.uexp" 347
"../../../Engine/Content/VREditor/TransformGizmo/TranslucentTransformGizmoMaterial.uasset" 348
"../../../Engine/Content/VREditor/TransformGizmo/TranslucentTransformGizmoMaterial.uexp" 349
"../../../Engine/Content/VREditor/LaserPointer/VR_LaserPower_01.uasset" 350
"../../../Engine/Content/VREditor/LaserPointer/VR_LaserPower_01.uexp" 351
"../../../Engine/Content/VREditor/LaserPointer/VR_LaserPower_01.ubulk" 352
"../../../Engine/Content/VREditor/TransformGizmo/TransformGizmoMaterial.uasset" 353
"../../../Engine/Content/VREditor/TransformGizmo/TransformGizmoMaterial.uexp" 354
"../../../Engine/Content/VREditor/TransformGizmo/BoundingBoxCorner.uasset" 355
"../../../Engine/Content/VREditor/TransformGizmo/BoundingBoxCorner.uexp" 356
"../../../Engine/Content/VREditor/TransformGizmo/BoundingBoxEdge.uasset" 357
"../../../Engine/Content/VREditor/TransformGizmo/BoundingBoxEdge.uexp" 358
"../../../Engine/Content/VREditor/TransformGizmo/PlaneTranslationHandle.uasset" 359
"../../../Engine/Content/VREditor/TransformGizmo/PlaneTranslationHandle.uexp" 360
"../../../Engine/Content/VREditor/TransformGizmo/Xray.uasset" 361
"../../../Engine/Content/VREditor/TransformGizmo/Xray.uexp" 362
"../../../Engine/Content/VREditor/TransformGizmo/Main.uasset" 363
"../../../Engine/Content/VREditor/TransformGizmo/Main.uexp" 364
"../../../Engine/Content/VREditor/TransformGizmo/SM_Sequencer_Key.uasset" 365
"../../../Engine/Content/VREditor/TransformGizmo/SM_Sequencer_Key.uexp" 366
"../../../Engine/Content/VREditor/TransformGizmo/SM_Sequencer_Node.uasset" 367
"../../../Engine/Content/VREditor/TransformGizmo/SM_Sequencer_Node.uexp" 368
"../../../Engine/Plugins/2D/Paper2D/Content/PlaceholderTextures/DummySpriteTexture.uasset" 369
"../../../Engine/Plugins/2D/Paper2D/Content/PlaceholderTextures/DummySpriteTexture.uexp" 370
"../../../Engine/Plugins/2D/Paper2D/Content/PlaceholderTextures/DummySpriteTexture.ubulk" 371
"../../../Engine/Plugins/2D/Paper2D/Content/DummySprite.uasset" 372
"../../../Engine/Plugins/2D/Paper2D/Content/DummySprite.uexp" 373
"../../../Engine/Plugins/2D/Paper2D/Content/DefaultPaperTerrainMaterial.uasset" 374
"../../../Engine/Plugins/2D/Paper2D/Content/DefaultPaperTerrainMaterial.uexp" 375
"../../../Engine/Plugins/2D/Paper2D/Content/DefaultSpriteMaterial.uasset" 376
"../../../Engine/Plugins/2D/Paper2D/Content/DefaultSpriteMaterial.uexp" 377
"../../../Engine/Plugins/2D/Paper2D/Content/MaskedUnlitSpriteMaterial.uasset" 378
"../../../Engine/Plugins/2D/Paper2D/Content/MaskedUnlitSpriteMaterial.uexp" 379
"../../../Engine/Plugins/2D/Paper2D/Content/OpaqueUnlitSpriteMaterial.uasset" 380
"../../../Engine/Plugins/2D/Paper2D/Content/OpaqueUnlitSpriteMaterial.uexp" 381
"../../../Engine/Content/ArtTools/RenderToTexture/Materials/Debug/M_Emissive_Color.uasset" 382
"../../../Engine/Content/ArtTools/RenderToTexture/Materials/Debug/M_Emissive_Color.uexp" 383
"../../../Engine/Content/BasicShapes/Cylinder.uasset" 384
"../../../Engine/Content/BasicShapes/Cylinder.uexp" 385
"../../../Engine/Plugins/Lumin/MagicLeapPassableWorld/Content/MagicLeapARPinInfoActor.uasset" 386
"../../../Engine/Plugins/Lumin/MagicLeapPassableWorld/Content/MagicLeapARPinInfoActor.uexp" 387
"../../../Engine/Plugins/Runtime/OpenXR/Content/Devices/GoogleDaydream/MRTexture.uasset" 388
"../../../Engine/Plugins/Runtime/OpenXR/Content/Devices/GoogleDaydream/MRTexture.uexp" 389
"../../../Engine/Plugins/Runtime/OpenXR/Content/Devices/GoogleDaydream/MRTexture.ubulk" 390
"../../../Engine/Plugins/Runtime/OpenXR/Content/Devices/GoogleDaydream/BaseTexture.uasset" 391
"../../../Engine/Plugins/Runtime/OpenXR/Content/Devices/GoogleDaydream/BaseTexture.uexp" 392
"../../../Engine/Plugins/Runtime/OpenXR/Content/Devices/GoogleDaydream/BaseTexture.ubulk" 393
"../../../Engine/Content/EngineResources/Black.uasset" 394
"../../../Engine/Content/EngineResources/Black.uexp" 395
"../../../Engine/Plugins/Runtime/OpenXR/Content/Devices/M_XRController.uasset" 396
"../../../Engine/Plugins/Runtime/OpenXR/Content/Devices/M_XRController.uexp" 397
"../../../Engine/Plugins/Runtime/OpenXR/Content/Devices/GoogleDaydream/MI_GoogleDaydream.uasset" 398
"../../../Engine/Plugins/Runtime/OpenXR/Content/Devices/GoogleDaydream/MI_GoogleDaydream.uexp" 399
"../../../Engine/Plugins/Runtime/OpenXR/Content/Devices/GoogleDaydream/GoogleDaydreamController.uasset" 400
"../../../Engine/Plugins/Runtime/OpenXR/Content/Devices/GoogleDaydream/GoogleDaydreamController.uexp" 401
"../../../Engine/Plugins/Runtime/OpenXR/Content/Devices/HTCVive/BaseTexture.uasset" 402
"../../../Engine/Plugins/Runtime/OpenXR/Content/Devices/HTCVive/BaseTexture.uexp" 403
"../../../Engine/Plugins/Runtime/OpenXR/Content/Devices/HTCVive/BaseTexture.ubulk" 404
"../../../Engine/Plugins/Runtime/OpenXR/Content/Devices/HTCVive/MI_HTCVive.uasset" 405
"../../../Engine/Plugins/Runtime/OpenXR/Content/Devices/HTCVive/MI_HTCVive.uexp" 406
"../../../Engine/Plugins/Runtime/OpenXR/Content/Devices/HTCVive/HTCViveController.uasset" 407
"../../../Engine/Plugins/Runtime/OpenXR/Content/Devices/HTCVive/HTCViveController.uexp" 408
"../../../Engine/Plugins/Runtime/OpenXR/Content/Devices/MicrosoftMixedReality/NormalTexture.uasset" 409
"../../../Engine/Plugins/Runtime/OpenXR/Content/Devices/MicrosoftMixedReality/NormalTexture.uexp" 410
"../../../Engine/Plugins/Runtime/OpenXR/Content/Devices/MicrosoftMixedReality/NormalTexture.ubulk" 411
"../../../Engine/Plugins/Runtime/OpenXR/Content/Devices/MicrosoftMixedReality/MRTexture.uasset" 412
"../../../Engine/Plugins/Runtime/OpenXR/Content/Devices/MicrosoftMixedReality/MRTexture.uexp" 413
"../../../Engine/Plugins/Runtime/OpenXR/Content/Devices/MicrosoftMixedReality/MRTexture.ubulk" 414
"../../../Engine/Plugins/Runtime/OpenXR/Content/Devices/MicrosoftMixedReality/EmissiveTexture.uasset" 415
"../../../Engine/Plugins/Runtime/OpenXR/Content/Devices/MicrosoftMixedReality/EmissiveTexture.uexp" 416
"../../../Engine/Plugins/Runtime/OpenXR/Content/Devices/MicrosoftMixedReality/EmissiveTexture.ubulk" 417
"../../../Engine/Plugins/Runtime/OpenXR/Content/Devices/MicrosoftMixedReality/BaseTexture.uasset" 418
"../../../Engine/Plugins/Runtime/OpenXR/Content/Devices/MicrosoftMixedReality/BaseTexture.uexp" 419
"../../../Engine/Plugins/Runtime/OpenXR/Content/Devices/MicrosoftMixedReality/BaseTexture.ubulk" 420
"../../../Engine/Plugins/Runtime/OpenXR/Content/Devices/MicrosoftMixedReality/MI_MicrosoftMixedReality.uasset" 421
"../../../Engine/Plugins/Runtime/OpenXR/Content/Devices/MicrosoftMixedReality/MI_MicrosoftMixedReality.uexp" 422
"../../../Engine/Plugins/Runtime/OpenXR/Content/Devices/MicrosoftMixedReality/Left/left_MicrosoftMixedRealityController.uasset" 423
"../../../Engine/Plugins/Runtime/OpenXR/Content/Devices/MicrosoftMixedReality/Left/left_MicrosoftMixedRealityController.uexp" 424
"../../../Engine/Plugins/Runtime/OpenXR/Content/Devices/MicrosoftMixedReality/Right/right_MicrosoftMixedRealityController.uasset" 425
"../../../Engine/Plugins/Runtime/OpenXR/Content/Devices/MicrosoftMixedReality/Right/right_MicrosoftMixedRealityController.uexp" 426
"../../../Engine/Plugins/Runtime/OpenXR/Content/Devices/OculusGo/BaseTexture.uasset" 427
"../../../Engine/Plugins/Runtime/OpenXR/Content/Devices/OculusGo/BaseTexture.uexp" 428
"../../../Engine/Plugins/Runtime/OpenXR/Content/Devices/OculusGo/BaseTexture.ubulk" 429
"../../../Engine/Plugins/Runtime/OpenXR/Content/Devices/OculusGo/MI_OculusGo.uasset" 430
"../../../Engine/Plugins/Runtime/OpenXR/Content/Devices/OculusGo/MI_OculusGo.uexp" 431
"../../../Engine/Plugins/Runtime/OpenXR/Content/Devices/OculusGo/OculusGoController.uasset" 432
"../../../Engine/Plugins/Runtime/OpenXR/Content/Devices/OculusGo/OculusGoController.uexp" 433
"../../../Engine/Plugins/Runtime/OpenXR/Content/Devices/OculusTouch/MRTexture.uasset" 434
"../../../Engine/Plugins/Runtime/OpenXR/Content/Devices/OculusTouch/MRTexture.uexp" 435
"../../../Engine/Plugins/Runtime/OpenXR/Content/Devices/OculusTouch/MRTexture.ubulk" 436
"../../../Engine/Plugins/Runtime/OpenXR/Content/Devices/OculusTouch/BaseTexture.uasset" 437
"../../../Engine/Plugins/Runtime/OpenXR/Content/Devices/OculusTouch/BaseTexture.uexp" 438
"../../../Engine/Plugins/Runtime/OpenXR/Content/Devices/OculusTouch/BaseTexture.ubulk" 439
"../../../Engine/Plugins/Runtime/OpenXR/Content/Devices/OculusTouch/MI_OculusTouch.uasset" 440
"../../../Engine/Plugins/Runtime/OpenXR/Content/Devices/OculusTouch/MI_OculusTouch.uexp" 441
"../../../Engine/Plugins/Runtime/OpenXR/Content/Devices/OculusTouch/Left/left_OculusTouchController.uasset" 442
"../../../Engine/Plugins/Runtime/OpenXR/Content/Devices/OculusTouch/Left/left_OculusTouchController.uexp" 443
"../../../Engine/Plugins/Runtime/OpenXR/Content/Devices/OculusTouch/Right/right_OculusTouchController.uasset" 444
"../../../Engine/Plugins/Runtime/OpenXR/Content/Devices/OculusTouch/Right/right_OculusTouchController.uexp" 445
"../../../Engine/Plugins/Runtime/OpenXR/Content/Devices/OculusTouch_v2/MRTexture.uasset" 446
"../../../Engine/Plugins/Runtime/OpenXR/Content/Devices/OculusTouch_v2/MRTexture.uexp" 447
"../../../Engine/Plugins/Runtime/OpenXR/Content/Devices/OculusTouch_v2/MRTexture.ubulk" 448
"../../../Engine/Plugins/Runtime/OpenXR/Content/Devices/OculusTouch_v2/BaseTexture.uasset" 449
"../../../Engine/Plugins/Runtime/OpenXR/Content/Devices/OculusTouch_v2/BaseTexture.uexp" 450
"../../../Engine/Plugins/Runtime/OpenXR/Content/Devices/OculusTouch_v2/BaseTexture.ubulk" 451
"../../../Engine/Plugins/Runtime/OpenXR/Content/Devices/OculusTouch_v2/MI_OculusTouch_v2.uasset" 452
"../../../Engine/Plugins/Runtime/OpenXR/Content/Devices/OculusTouch_v2/MI_OculusTouch_v2.uexp" 453
"../../../Engine/Plugins/Runtime/OpenXR/Content/Devices/OculusTouch_v2/Left/left_OculusTouch_v2Controller.uasset" 454
"../../../Engine/Plugins/Runtime/OpenXR/Content/Devices/OculusTouch_v2/Left/left_OculusTouch_v2Controller.uexp" 455
"../../../Engine/Plugins/Runtime/OpenXR/Content/Devices/OculusTouch_v2/Right/right_OculusTouch_v2Controller.uasset" 456
"../../../Engine/Plugins/Runtime/OpenXR/Content/Devices/OculusTouch_v2/Right/right_OculusTouch_v2Controller.uexp" 457
"../../../Engine/Plugins/Runtime/OpenXR/Content/Devices/OculusTouch_v3/MRTexture.uasset" 458
"../../../Engine/Plugins/Runtime/OpenXR/Content/Devices/OculusTouch_v3/MRTexture.uexp" 459
"../../../Engine/Plugins/Runtime/OpenXR/Content/Devices/OculusTouch_v3/MRTexture.ubulk" 460
"../../../Engine/Plugins/Runtime/OpenXR/Content/Devices/OculusTouch_v3/BaseTexture.uasset" 461
"../../../Engine/Plugins/Runtime/OpenXR/Content/Devices/OculusTouch_v3/BaseTexture.uexp" 462
"../../../Engine/Plugins/Runtime/OpenXR/Content/Devices/OculusTouch_v3/BaseTexture.ubulk" 463
"../../../Engine/Plugins/Runtime/OpenXR/Content/Devices/OculusTouch_v3/MI_OculusTouch_v3.uasset" 464
"../../../Engine/Plugins/Runtime/OpenXR/Content/Devices/OculusTouch_v3/MI_OculusTouch_v3.uexp" 465
"../../../Engine/Plugins/Runtime/OpenXR/Content/Devices/OculusTouch_v3/Left/left_OculusTouch_v3Controller.uasset" 466
"../../../Engine/Plugins/Runtime/OpenXR/Content/Devices/OculusTouch_v3/Left/left_OculusTouch_v3Controller.uexp" 467
"../../../Engine/Plugins/Runtime/OpenXR/Content/Devices/OculusTouch_v3/Right/right_OculusTouch_v3Controller.uasset" 468
"../../../Engine/Plugins/Runtime/OpenXR/Content/Devices/OculusTouch_v3/Right/right_OculusTouch_v3Controller.uexp" 469
"../../../Engine/Plugins/Runtime/OpenXR/Content/Devices/ValveIndex/MRTexture.uasset" 470
"../../../Engine/Plugins/Runtime/OpenXR/Content/Devices/ValveIndex/MRTexture.uexp" 471
"../../../Engine/Plugins/Runtime/OpenXR/Content/Devices/ValveIndex/MRTexture.ubulk" 472
"../../../Engine/Plugins/Runtime/OpenXR/Content/Devices/ValveIndex/BaseTexture.uasset" 473
"../../../Engine/Plugins/Runtime/OpenXR/Content/Devices/ValveIndex/BaseTexture.uexp" 474
"../../../Engine/Plugins/Runtime/OpenXR/Content/Devices/ValveIndex/BaseTexture.ubulk" 475
"../../../Engine/Plugins/Runtime/OpenXR/Content/Devices/ValveIndex/Left/MI_left_ValveIndex.uasset" 476
"../../../Engine/Plugins/Runtime/OpenXR/Content/Devices/ValveIndex/Left/MI_left_ValveIndex.uexp" 477
"../../../Engine/Plugins/Runtime/OpenXR/Content/Devices/ValveIndex/Left/left_ValveIndexController.uasset" 478
"../../../Engine/Plugins/Runtime/OpenXR/Content/Devices/ValveIndex/Left/left_ValveIndexController.uexp" 479
"../../../Engine/Plugins/Runtime/OpenXR/Content/Devices/ValveIndex/Right/MI_right_ValveIndex.uasset" 480
"../../../Engine/Plugins/Runtime/OpenXR/Content/Devices/ValveIndex/Right/MI_right_ValveIndex.uexp" 481
"../../../Engine/Plugins/Runtime/OpenXR/Content/Devices/ValveIndex/Right/right_ValveIndexController.uasset" 482
"../../../Engine/Plugins/Runtime/OpenXR/Content/Devices/ValveIndex/Right/right_ValveIndexController.uexp" 483
"../../../Engine/Content/Functions/Engine_MaterialFunctions02/Utility/BreakOutFloat3Components.uasset" 484
"../../../Engine/Content/Functions/Engine_MaterialFunctions02/Utility/BreakOutFloat3Components.uexp" 485
"../../../Engine/Content/Functions/Engine_MaterialFunctions02/Utility/VectorLength.uasset" 486
"../../../Engine/Content/Functions/Engine_MaterialFunctions02/Utility/VectorLength.uexp" 487
"../../../Engine/Content/Functions/Engine_MaterialFunctions02/WorldPositionOffset/ObjectScale.uasset" 488
"../../../Engine/Content/Functions/Engine_MaterialFunctions02/WorldPositionOffset/ObjectScale.uexp" 489
"../../../Engine/Content/Functions/Engine_MaterialFunctions02/ObjectLocalBounds.uasset" 490
"../../../Engine/Content/Functions/Engine_MaterialFunctions02/ObjectLocalBounds.uexp" 491
"../../../Engine/Plugins/Editor/SpeedTreeImporter/Content/SpeedTree9/UnpackInteger3.uasset" 492
"../../../Engine/Plugins/Editor/SpeedTreeImporter/Content/SpeedTree9/UnpackInteger3.uexp" 493
"../../../Engine/Plugins/Editor/SpeedTreeImporter/Content/SpeedTree9/UnpackDirection.uasset" 494
"../../../Engine/Plugins/Editor/SpeedTreeImporter/Content/SpeedTree9/UnpackDirection.uexp" 495
"../../../Engine/Plugins/Editor/SpeedTreeImporter/Content/SpeedTree9/game_wind_noise.uasset" 496
"../../../Engine/Plugins/Editor/SpeedTreeImporter/Content/SpeedTree9/game_wind_noise.uexp" 497
"../../../Engine/Plugins/Editor/SpeedTreeImporter/Content/SpeedTree9/game_wind_noise.ubulk" 498
"../../../Engine/Content/Functions/Engine_MaterialFunctions02/SafeNormalize.uasset" 499
"../../../Engine/Content/Functions/Engine_MaterialFunctions02/SafeNormalize.uexp" 500
"../../../Engine/Plugins/Editor/SpeedTreeImporter/Content/SpeedTree9/SpeedTreeWindMotion.uasset" 501
"../../../Engine/Plugins/Editor/SpeedTreeImporter/Content/SpeedTree9/SpeedTreeWindMotion.uexp" 502
"../../../Engine/Plugins/Editor/SpeedTreeImporter/Content/SpeedTree9/SpeedTreeBranchMotion.uasset" 503
"../../../Engine/Plugins/Editor/SpeedTreeImporter/Content/SpeedTree9/SpeedTreeBranchMotion.uexp" 504
"../../../Engine/Content/Functions/Engine_MaterialFunctions02/UVs/BoundingBoxBased_0-1_UVW.uasset" 505
"../../../Engine/Content/Functions/Engine_MaterialFunctions02/UVs/BoundingBoxBased_0-1_UVW.uexp" 506
"../../../Engine/Plugins/Editor/SpeedTreeImporter/Content/SpeedTree9/SpeedTreeWind.uasset" 507
"../../../Engine/Plugins/Editor/SpeedTreeImporter/Content/SpeedTree9/SpeedTreeWind.uexp" 508
"../../../Engine/Plugins/Editor/SpeedTreeImporter/Content/SpeedTree9/SpeedTreeBillboard.uasset" 509
"../../../Engine/Plugins/Editor/SpeedTreeImporter/Content/SpeedTree9/SpeedTreeBillboard.uexp" 510
"../../../Engine/Plugins/Editor/SpeedTreeImporter/Content/SpeedTree9/EmptyNormal.uasset" 511
"../../../Engine/Plugins/Editor/SpeedTreeImporter/Content/SpeedTree9/EmptyNormal.uexp" 512
"../../../Engine/Plugins/Editor/SpeedTreeImporter/Content/SpeedTree9/Empty.uasset" 513
"../../../Engine/Plugins/Editor/SpeedTreeImporter/Content/SpeedTree9/Empty.uexp" 514
"../../../Engine/Plugins/Editor/SpeedTreeImporter/Content/SpeedTree9/SpeedTreeBillboardMaster.uasset" 515
"../../../Engine/Plugins/Editor/SpeedTreeImporter/Content/SpeedTree9/SpeedTreeBillboardMaster.uexp" 516
"../../../Engine/Plugins/Editor/SpeedTreeImporter/Content/SpeedTree9/SpeedTreeCameraFacing.uasset" 517
"../../../Engine/Plugins/Editor/SpeedTreeImporter/Content/SpeedTree9/SpeedTreeCameraFacing.uexp" 518
"../../../Engine/Plugins/Editor/SpeedTreeImporter/Content/SpeedTree9/SpeedTreeMaster.uasset" 519
"../../../Engine/Plugins/Editor/SpeedTreeImporter/Content/SpeedTree9/SpeedTreeMaster.uexp" 520
"../../../Engine/Content/Functions/Engine_MaterialFunctions02/Utility/BreakOutFloat4Components.uasset" 521
"../../../Engine/Content/Functions/Engine_MaterialFunctions02/Utility/BreakOutFloat4Components.uexp" 522
"../../../Engine/Content/Functions/Engine_MaterialFunctions02/Utility/MakeFloat3.uasset" 523
"../../../Engine/Content/Functions/Engine_MaterialFunctions02/Utility/MakeFloat3.uexp" 524
"../../../Engine/Plugins/Runtime/Oculus/OculusVR/Content/Materials/OculusMR_ChromaKey.uasset" 525
"../../../Engine/Plugins/Runtime/Oculus/OculusVR/Content/Materials/OculusMR_ChromaKey.uexp" 526
"../../../Engine/Plugins/Runtime/Oculus/OculusVR/Content/Materials/OculusMR_OpaqueColoredMaterial.uasset" 527
"../../../Engine/Plugins/Runtime/Oculus/OculusVR/Content/Materials/OculusMR_OpaqueColoredMaterial.uexp" 528
"../../../Engine/Plugins/Runtime/Oculus/OculusVR/Content/Materials/PokeAHoleMaterial.uasset" 529
"../../../Engine/Plugins/Runtime/Oculus/OculusVR/Content/Materials/PokeAHoleMaterial.uexp" 530
"../../../Engine/Plugins/Runtime/Oculus/OculusVR/Content/Textures/touchController_controlmap.uasset" 531
"../../../Engine/Plugins/Runtime/Oculus/OculusVR/Content/Textures/touchController_controlmap.uexp" 532
"../../../Engine/Plugins/Runtime/Oculus/OculusVR/Content/Textures/touchController_controlmap.ubulk" 533
"../../../Engine/Plugins/Runtime/Oculus/OculusVR/Content/Textures/touchController_albedo.uasset" 534
"../../../Engine/Plugins/Runtime/Oculus/OculusVR/Content/Textures/touchController_albedo.uexp" 535
"../../../Engine/Plugins/Runtime/Oculus/OculusVR/Content/Textures/touchController_albedo.ubulk" 536
"../../../Engine/Plugins/Runtime/Oculus/OculusVR/Content/Materials/touchController_mat.uasset" 537
"../../../Engine/Plugins/Runtime/Oculus/OculusVR/Content/Materials/touchController_mat.uexp" 538
"../../../Engine/Plugins/Runtime/Oculus/OculusVR/Content/Meshes/LeftTouchController.uasset" 539
"../../../Engine/Plugins/Runtime/Oculus/OculusVR/Content/Meshes/LeftTouchController.uexp" 540
"../../../Engine/Plugins/Runtime/Oculus/OculusVR/Content/Textures/TouchForQuestRiftSController_albedo.uasset" 541
"../../../Engine/Plugins/Runtime/Oculus/OculusVR/Content/Textures/TouchForQuestRiftSController_albedo.uexp" 542
"../../../Engine/Plugins/Runtime/Oculus/OculusVR/Content/Textures/TouchForQuestRiftSController_albedo.ubulk" 543
"../../../Engine/Plugins/Runtime/Oculus/OculusVR/Content/Materials/TouchForQuestRiftSControllerMaterial.uasset" 544
"../../../Engine/Plugins/Runtime/Oculus/OculusVR/Content/Materials/TouchForQuestRiftSControllerMaterial.uexp" 545
"../../../Engine/Plugins/Runtime/Oculus/OculusVR/Content/Meshes/LeftTouchForQuestRiftSController.uasset" 546
"../../../Engine/Plugins/Runtime/Oculus/OculusVR/Content/Meshes/LeftTouchForQuestRiftSController.uexp" 547
"../../../Engine/Plugins/Runtime/Oculus/OculusVR/Content/Meshes/RiftHMD.uasset" 548
"../../../Engine/Plugins/Runtime/Oculus/OculusVR/Content/Meshes/RiftHMD.uexp" 549
"../../../Engine/Plugins/Runtime/Oculus/OculusVR/Content/Meshes/RightTouchController.uasset" 550
"../../../Engine/Plugins/Runtime/Oculus/OculusVR/Content/Meshes/RightTouchController.uexp" 551
"../../../Engine/Plugins/Runtime/Oculus/OculusVR/Content/Meshes/RightTouchForQuestRiftSController.uasset" 552
"../../../Engine/Plugins/Runtime/Oculus/OculusVR/Content/Meshes/RightTouchForQuestRiftSController.uexp" 553
"D:/UE_4.27Projects/CV22HoistSim/Content/lever-assets/Metal.uasset" 554
"D:/UE_4.27Projects/CV22HoistSim/Content/lever-assets/Metal.uexp" 555
"D:/UE_4.27Projects/CV22HoistSim/Content/lever-assets/Black.uasset" 556
"D:/UE_4.27Projects/CV22HoistSim/Content/lever-assets/Black.uexp" 557
"D:/UE_4.27Projects/CV22HoistSim/Content/lever-assets/LeverHandle.uasset" 558
"D:/UE_4.27Projects/CV22HoistSim/Content/lever-assets/LeverHandle.uexp" 559
"D:/UE_4.27Projects/CV22HoistSim/Content/lever-assets/LeverBase.uasset" 560
"D:/UE_4.27Projects/CV22HoistSim/Content/lever-assets/LeverBase.uexp" 561
"D:/UE_4.27Projects/CV22HoistSim/Content/Landscape/vbwpedso_2K_Normal.uasset" 562
"D:/UE_4.27Projects/CV22HoistSim/Content/Landscape/vbwpedso_2K_Normal.uexp" 563
"D:/UE_4.27Projects/CV22HoistSim/Content/Landscape/vbwpedso_2K_Normal.ubulk" 564
"D:/UE_4.27Projects/CV22HoistSim/Content/Landscape/vbwpedso_2K_Albedo.uasset" 565
"D:/UE_4.27Projects/CV22HoistSim/Content/Landscape/vbwpedso_2K_Albedo.uexp" 566
"D:/UE_4.27Projects/CV22HoistSim/Content/Landscape/vbwpedso_2K_Albedo.ubulk" 567
"D:/UE_4.27Projects/CV22HoistSim/Content/Landscape/vbnldgvn_4K_Normal.uasset" 568
"D:/UE_4.27Projects/CV22HoistSim/Content/Landscape/vbnldgvn_4K_Normal.uexp" 569
"D:/UE_4.27Projects/CV22HoistSim/Content/Landscape/vbnldgvn_4K_Normal.ubulk" 570
"D:/UE_4.27Projects/CV22HoistSim/Content/Landscape/vbnldgvn_4K_Albedo.uasset" 571
"D:/UE_4.27Projects/CV22HoistSim/Content/Landscape/vbnldgvn_4K_Albedo.uexp" 572
"D:/UE_4.27Projects/CV22HoistSim/Content/Landscape/vbnldgvn_4K_Albedo.ubulk" 573
"D:/UE_4.27Projects/CV22HoistSim/Content/Landscape/sgnjfgtk_4K_Normal.uasset" 574
"D:/UE_4.27Projects/CV22HoistSim/Content/Landscape/sgnjfgtk_4K_Normal.uexp" 575
"D:/UE_4.27Projects/CV22HoistSim/Content/Landscape/sgnjfgtk_4K_Normal.ubulk" 576
"D:/UE_4.27Projects/CV22HoistSim/Content/Landscape/sgnjfgtk_4K_Albedo.uasset" 577
"D:/UE_4.27Projects/CV22HoistSim/Content/Landscape/sgnjfgtk_4K_Albedo.uexp" 578
"D:/UE_4.27Projects/CV22HoistSim/Content/Landscape/sgnjfgtk_4K_Albedo.ubulk" 579
"D:/UE_4.27Projects/CV22HoistSim/Content/Landscape/olqhzlp_4K_Normal.uasset" 580
"D:/UE_4.27Projects/CV22HoistSim/Content/Landscape/olqhzlp_4K_Normal.uexp" 581
"D:/UE_4.27Projects/CV22HoistSim/Content/Landscape/olqhzlp_4K_Normal.ubulk" 582
"../../../Engine/Content/VREditor/BasicMeshes/T_CleanFloorGrunge_01_D.uasset" 583
"../../../Engine/Content/VREditor/BasicMeshes/T_CleanFloorGrunge_01_D.uexp" 584
"../../../Engine/Content/VREditor/BasicMeshes/T_CleanFloorGrunge_01_D.ubulk" 585
"../../../Engine/Content/VREditor/BasicMeshes/M_Floor_01.uasset" 586
"../../../Engine/Content/VREditor/BasicMeshes/M_Floor_01.uexp" 587
"../../../Engine/Content/VREditor/BasicMeshes/SM_Room_01.uasset" 588
"../../../Engine/Content/VREditor/BasicMeshes/SM_Room_01.uexp" 589
"../../../Engine/Content/MapTemplates/TilingNoise05.uasset" 590
"../../../Engine/Content/MapTemplates/TilingNoise05.uexp" 591
"../../../Engine/Content/MapTemplates/TilingNoise05.ubulk" 592
"../../../Engine/Content/EngineSky/T_Sky_Stars.uasset" 593
"../../../Engine/Content/EngineSky/T_Sky_Stars.uexp" 594
"../../../Engine/Content/EngineSky/T_Sky_Stars.ubulk" 595
"../../../Engine/Content/EngineSky/T_Sky_Clouds_M.uasset" 596
"../../../Engine/Content/EngineSky/T_Sky_Clouds_M.uexp" 597
"../../../Engine/Content/EngineSky/T_Sky_Clouds_M.ubulk" 598
"../../../Engine/Content/EngineSky/T_Sky_Blue.uasset" 599
"../../../Engine/Content/EngineSky/T_Sky_Blue.uexp" 600
"../../../Engine/Content/EngineSky/T_Sky_Blue.ubulk" 601
"../../../Engine/Content/EngineMaterials/WeightMapPlaceholderTexture.uasset" 602
"../../../Engine/Content/EngineMaterials/WeightMapPlaceholderTexture.uexp" 603
"D:/UE_4.27Projects/CV22HoistSim/Content/Landscape/olqhzlp_4K_Albedo.uasset" 604
"D:/UE_4.27Projects/CV22HoistSim/Content/Landscape/olqhzlp_4K_Albedo.uexp" 605
"D:/UE_4.27Projects/CV22HoistSim/Content/Landscape/olqhzlp_4K_Albedo.ubulk" 606
"D:/UE_4.27Projects/CV22HoistSim/Content/Landscape/Landscape.uasset" 607
"D:/UE_4.27Projects/CV22HoistSim/Content/Landscape/Landscape.uexp" 608
"D:/UE_4.27Projects/CV22HoistSim/Content/cv22-assets/Black_Plastic.uasset" 609
"D:/UE_4.27Projects/CV22HoistSim/Content/cv22-assets/Black_Plastic.uexp" 610
"../../../Engine/Content/EngineSky/M_Sky_Panning_Clouds2.uasset" 611
"../../../Engine/Content/EngineSky/M_Sky_Panning_Clouds2.uexp" 612
"D:/UE_4.27Projects/CV22HoistSim/Content/Maps/TestBed_BuiltData.uasset" 613
"D:/UE_4.27Projects/CV22HoistSim/Content/Maps/TestBed_BuiltData.uexp" 614
"D:/UE_4.27Projects/CV22HoistSim/Content/Maps/TestBed_BuiltData.ubulk" 615
"D:/UE_4.27Projects/CV22HoistSim/Content/Materials/M_MenuFont.uasset" 616
"D:/UE_4.27Projects/CV22HoistSim/Content/Materials/M_MenuFont.uexp" 617
"D:/UE_4.27Projects/CV22HoistSim/Content/cv22-assets/Red.uasset" 618
"D:/UE_4.27Projects/CV22HoistSim/Content/cv22-assets/Red.uexp" 619
"D:/UE_4.27Projects/CV22HoistSim/Content/cv22-assets/Black_CabinFloor.uasset" 620
"D:/UE_4.27Projects/CV22HoistSim/Content/cv22-assets/Black_CabinFloor.uexp" 621
"../../../Engine/Content/BasicShapes/Plane.uasset" 622
"../../../Engine/Content/BasicShapes/Plane.uexp" 623
"D:/UE_4.27Projects/CV22HoistSim/Content/Blueprints/BP_Lever.uasset" 624
"D:/UE_4.27Projects/CV22HoistSim/Content/Blueprints/BP_Lever.uexp" 625
"../../../Engine/Content/EngineSky/SM_SkySphere.uasset" 626
"../../../Engine/Content/EngineSky/SM_SkySphere.uexp" 627
"../../../Engine/Content/EngineSky/C_Sky_Zenith_Color.uasset" 628
"../../../Engine/Content/EngineSky/C_Sky_Zenith_Color.uexp" 629
"../../../Engine/Content/EngineSky/C_Sky_Horizon_Color.uasset" 630
"../../../Engine/Content/EngineSky/C_Sky_Horizon_Color.uexp" 631
"../../../Engine/Content/EngineSky/C_Sky_Cloud_Color.uasset" 632
"../../../Engine/Content/EngineSky/C_Sky_Cloud_Color.uexp" 633
"../../../Engine/Content/EngineSky/BP_Sky_Sphere.uasset" 634
"../../../Engine/Content/EngineSky/BP_Sky_Sphere.uexp" 635
"D:/UE_4.27Projects/CV22HoistSim/Content/Textures/dot.uasset" 636
"D:/UE_4.27Projects/CV22HoistSim/Content/Textures/dot.uexp" 637
"D:/UE_4.27Projects/CV22HoistSim/Content/Materials/M_Dust2.uasset" 638
"D:/UE_4.27Projects/CV22HoistSim/Content/Materials/M_Dust2.uexp" 639
"D:/UE_4.27Projects/CV22HoistSim/Content/Particles/RotorDust2.uasset" 640
"D:/UE_4.27Projects/CV22HoistSim/Content/Particles/RotorDust2.uexp" 641
"D:/UE_4.27Projects/CV22HoistSim/Content/cv22-assets/v22.uasset" 642
"D:/UE_4.27Projects/CV22HoistSim/Content/cv22-assets/v22.uexp" 643
"D:/UE_4.27Projects/CV22HoistSim/Content/cv22-assets/v22loop.uasset" 644
"D:/UE_4.27Projects/CV22HoistSim/Content/cv22-assets/v22loop.uexp" 645
"D:/UE_4.27Projects/CV22HoistSim/Content/cv22-assets/rotorright.uasset" 646
"D:/UE_4.27Projects/CV22HoistSim/Content/cv22-assets/rotorright.uexp" 647
"D:/UE_4.27Projects/CV22HoistSim/Content/cv22-assets/rotorleft.uasset" 648
"D:/UE_4.27Projects/CV22HoistSim/Content/cv22-assets/rotorleft.uexp" 649
"D:/UE_4.27Projects/CV22HoistSim/Content/cv22-assets/Gray_DRing.uasset" 650
"D:/UE_4.27Projects/CV22HoistSim/Content/cv22-assets/Gray_DRing.uexp" 651
"D:/UE_4.27Projects/CV22HoistSim/Content/Textures/checklist.uasset" 652
"D:/UE_4.27Projects/CV22HoistSim/Content/Textures/checklist.uexp" 653
"D:/UE_4.27Projects/CV22HoistSim/Content/Materials/M_Checklist.uasset" 654
"D:/UE_4.27Projects/CV22HoistSim/Content/Materials/M_Checklist.uexp" 655
"D:/UE_4.27Projects/CV22HoistSim/Content/cv22-assets/hook.uasset" 656
"D:/UE_4.27Projects/CV22HoistSim/Content/cv22-assets/hook.uexp" 657
"D:/UE_4.27Projects/CV22HoistSim/Content/cv22-assets/Gray_Plastic.uasset" 658
"D:/UE_4.27Projects/CV22HoistSim/Content/cv22-assets/Gray_Plastic.uexp" 659
"D:/UE_4.27Projects/CV22HoistSim/Content/cv22-assets/hcp-updown.uasset" 660
"D:/UE_4.27Projects/CV22HoistSim/Content/cv22-assets/hcp-updown.uexp" 661
"D:/UE_4.27Projects/CV22HoistSim/Content/cv22-assets/GreenGlow.uasset" 662
"D:/UE_4.27Projects/CV22HoistSim/Content/cv22-assets/GreenGlow.uexp" 663
"D:/UE_4.27Projects/CV22HoistSim/Content/cv22-assets/hcp-onoff.uasset" 664
"D:/UE_4.27Projects/CV22HoistSim/Content/cv22-assets/hcp-onoff.uexp" 665
"D:/UE_4.27Projects/CV22HoistSim/Content/cv22-assets/Gray_Airplane.uasset" 666
"D:/UE_4.27Projects/CV22HoistSim/Content/cv22-assets/Gray_Airplane.uexp" 667
"D:/UE_4.27Projects/CV22HoistSim/Content/cv22-assets/boomhead.uasset" 668
"D:/UE_4.27Projects/CV22HoistSim/Content/cv22-assets/boomhead.uexp" 669
"D:/UE_4.27Projects/CV22HoistSim/Content/Physics/NoBounce.uasset" 670
"D:/UE_4.27Projects/CV22HoistSim/Content/Physics/NoBounce.uexp" 671
"D:/UE_4.27Projects/CV22HoistSim/Content/cv22-assets/Yellow.uasset" 672
"D:/UE_4.27Projects/CV22HoistSim/Content/cv22-assets/Yellow.uexp" 673
"D:/UE_4.27Projects/CV22HoistSim/Content/cv22-assets/Window.uasset" 674
"D:/UE_4.27Projects/CV22HoistSim/Content/cv22-assets/Window.uexp" 675
"D:/UE_4.27Projects/CV22HoistSim/Content/cv22-assets/White.uasset" 676
"D:/UE_4.27Projects/CV22HoistSim/Content/cv22-assets/White.uexp" 677
"D:/UE_4.27Projects/CV22HoistSim/Content/cv22-assets/InteriorRibBrown.uasset" 678
"D:/UE_4.27Projects/CV22HoistSim/Content/cv22-assets/InteriorRibBrown.uexp" 679
"D:/UE_4.27Projects/CV22HoistSim/Content/cv22-assets/InteriorBrown.uasset" 680
"D:/UE_4.27Projects/CV22HoistSim/Content/cv22-assets/InteriorBrown.uexp" 681
"D:/UE_4.27Projects/CV22HoistSim/Content/cv22-assets/Gray_Aluminum.uasset" 682
"D:/UE_4.27Projects/CV22HoistSim/Content/cv22-assets/Gray_Aluminum.uexp" 683
"D:/UE_4.27Projects/CV22HoistSim/Content/cv22-assets/Canvas.uasset" 684
"D:/UE_4.27Projects/CV22HoistSim/Content/cv22-assets/Canvas.uexp" 685
"D:/UE_4.27Projects/CV22HoistSim/Content/cv22-assets/hcp-jettison.uasset" 686
"D:/UE_4.27Projects/CV22HoistSim/Content/cv22-assets/hcp-jettison.uexp" 687
"D:/UE_4.27Projects/CV22HoistSim/Content/cv22-assets/hcp-box.uasset" 688
"D:/UE_4.27Projects/CV22HoistSim/Content/cv22-assets/hcp-box.uexp" 689
"D:/UE_4.27Projects/CV22HoistSim/Content/cv22-assets/body.uasset" 690
"D:/UE_4.27Projects/CV22HoistSim/Content/cv22-assets/body.uexp" 691
"D:/UE_4.27Projects/CV22HoistSim/Content/Blueprints/BP_CV22.uasset" 692
"D:/UE_4.27Projects/CV22HoistSim/Content/Blueprints/BP_CV22.uexp" 693
"D:/UE_4.27Projects/CV22HoistSim/Content/Blueprints/BP_MenuActor.uasset" 694
"D:/UE_4.27Projects/CV22HoistSim/Content/Blueprints/BP_MenuActor.uexp" 695
"D:/UE_4.27Projects/CV22HoistSim/Content/Physics/Dust_PhyMat.uasset" 696
"D:/UE_4.27Projects/CV22HoistSim/Content/Physics/Dust_PhyMat.uexp" 697
"D:/UE_4.27Projects/CV22HoistSim/Content/Maps/Sand_LayerInfo.uasset" 698
"D:/UE_4.27Projects/CV22HoistSim/Content/Maps/Sand_LayerInfo.uexp" 699
"D:/UE_4.27Projects/CV22HoistSim/Content/Physics/NoDust_PhyMat.uasset" 700
"D:/UE_4.27Projects/CV22HoistSim/Content/Physics/NoDust_PhyMat.uexp" 701
"D:/UE_4.27Projects/CV22HoistSim/Content/Maps/Rock_LayerInfo.uasset" 702
"D:/UE_4.27Projects/CV22HoistSim/Content/Maps/Rock_LayerInfo.uexp" 703
"D:/UE_4.27Projects/CV22HoistSim/Content/Maps/Cliff_LayerInfo.uasset" 704
"D:/UE_4.27Projects/CV22HoistSim/Content/Maps/Cliff_LayerInfo.uexp" 705
"D:/UE_4.27Projects/CV22HoistSim/Content/Maps/TestBed.uexp" 706
"D:/UE_4.27Projects/CV22HoistSim/Content/Maps/TestBed.ubulk" 707
"D:/UE_4.27Projects/CV22HoistSim/Content/Maps/TestBed.umap" 708
"../../../Engine/Content/Maps/Entry_BuiltData.uasset" 709
"../../../Engine/Content/Maps/Entry_BuiltData.uexp" 710
"../../../Engine/Content/Maps/Entry.uexp" 711
"../../../Engine/Content/Maps/Entry.umap" 712
